[0;34m[00:10:11][0m Validating environment...
[0;34m[00:10:11][0m Startup mode: [0;32mnative[0m
[0;34m[00:10:11][0m Starting in Native mode...
[0;34m[00:10:11][0m Monitoring service health on port 3000...
[0;31m[ERROR][0m Service failed to become healthy on port 3000 after 20 attempts.
[0;34m[00:13:23][0m Validating environment...
[0;34m[00:13:23][0m Startup mode: [0;32mdocker[0m
[0;34m[00:13:23][0m Starting in Docker mode...
[0;31m[ERROR][0m Docker-compose power-up failed
[0;34m[00:13:47][0m Validating environment...
[0;34m[00:13:47][0m Startup mode: [0;32mnative[0m
[0;34m[00:13:47][0m Starting in Native mode...
[0;34m[00:13:47][0m Monitoring service health on port 3000...
[0;32m[SUCCESS][0m Dashboard is fully operational at http://localhost:3000
[0;34m[00:13:47][0m Logs available at ./logs/startup.log
[0;34m[00:30:23][0m Validating environment...
[0;34m[00:30:23][0m Startup mode: [0;32mdocker[0m
[0;34m[00:30:23][0m Starting in Docker mode...
[0;31m[ERROR][0m Docker-compose power-up failed
[0;34m[00:30:34][0m Validating environment...
[0;34m[00:30:34][0m Startup mode: [0;32mnative[0m
[0;34m[00:30:34][0m Starting in Native mode...
[0;34m[00:30:34][0m Monitoring service health on port 3000...
[0;32m[SUCCESS][0m Dashboard is fully operational at http://localhost:3000
[0;34m[00:30:34][0m Logs available at ./logs/startup.log
[0;34m[00:33:34][0m Validating environment...
[0;34m[00:33:34][0m Startup mode: [0;32mdocker[0m
[0;34m[00:33:34][0m Starting in Docker mode...
[0;31m[ERROR][0m Docker-compose power-up failed
[0;34m[00:33:48][0m Validating environment...
[0;34m[00:33:48][0m Startup mode: [0;32mnative[0m
[0;34m[00:33:48][0m Starting in Native mode...
[0;34m[00:33:48][0m Monitoring service health on port 3000...
[0;32m[SUCCESS][0m Dashboard is fully operational at http://localhost:3000
[0;34m[00:33:48][0m Logs available at ./logs/startup.log
[0;34m[00:43:18][0m Validating environment...
[0;34m[00:43:18][0m Startup mode: [0;32mnative[0m
[0;34m[00:43:18][0m Starting in Native mode...
[0;34m[00:43:18][0m Monitoring service health on port 3000...
[0;32m[SUCCESS][0m Dashboard is fully operational at http://localhost:3000
[0;34m[00:43:18][0m Logs available at ./logs/startup.log
[0;34m[00:57:52][0m Validating environment...
[0;34m[00:57:52][0m Startup mode: [0;32mnative[0m
[0;34m[00:57:52][0m Starting in Native mode...
[0;34m[00:57:52][0m Monitoring service health on port 3000...
[0;32m[SUCCESS][0m Dashboard is fully operational at http://localhost:3000
[0;34m[00:57:52][0m Logs available at ./logs/startup.log
[0;34m[01:24:05][0m Validating environment...
[0;34m[01:24:05][0m Startup mode: [0;32mnative[0m
[0;34m[01:24:05][0m Starting in Native mode...
[0;34m[01:24:05][0m Monitoring service health on port 3000...
[0;32m[SUCCESS][0m Dashboard is fully operational at http://localhost:3000
[0;34m[01:24:05][0m Logs available at ./logs/startup.log
[0;34m[01:22:08][0m Validating environment...
[0;34m[01:22:08][0m Startup mode: [0;32mdocker[0m
[0;34m[01:22:08][0m Starting in Docker mode...
[0;31m[ERROR][0m Docker-compose power-up failed
[0;34m[01:22:20][0m Validating environment...
[0;34m[01:22:20][0m Startup mode: [0;32mnative[0m
[0;34m[01:22:20][0m Starting in Native mode...
[0;34m[01:22:20][0m Monitoring service health on port 3000...
[0;32m[SUCCESS][0m Dashboard is fully operational at http://localhost:3000
[0;34m[01:22:20][0m Logs available at ./logs/startup.log
[0;34m[01:30:31][0m Validating environment...
[0;34m[01:30:31][0m Startup mode: [0;32mnative[0m
[0;34m[01:30:31][0m Starting in Native mode...
[0;34m[01:30:31][0m Monitoring service health on port 3000...
[0;32m[SUCCESS][0m Dashboard is fully operational at http://localhost:3000
[0;34m[01:30:33][0m Logs available at ./logs/startup.log
[0;34m[01:33:18][0m Validating environment...
[0;34m[01:33:18][0m Startup mode: [0;32mnative[0m
[0;34m[01:33:18][0m Starting in Native mode...
[0;34m[01:33:18][0m Monitoring service health on port 3000...
[0;32m[SUCCESS][0m Dashboard is fully operational at http://localhost:3000
[0;34m[01:33:20][0m Logs available at ./logs/startup.log
[0;34m[01:41:10][0m Validating environment...
[0;34m[01:41:10][0m Startup mode: [0;32mdocker[0m
[0;34m[01:41:10][0m Starting in Docker mode...
[0;31m[ERROR][0m Docker-compose power-up failed
[0;34m[01:41:21][0m Validating environment...
[0;34m[01:41:21][0m Startup mode: [0;32mnative[0m
[0;34m[01:41:21][0m Starting in Native mode...
[0;34m[01:41:21][0m Monitoring service health on port 3000...
[0;32m[SUCCESS][0m Dashboard is fully operational at http://localhost:3000
[0;34m[01:41:21][0m Logs available at ./logs/startup.log
